[2026-05-11T00:01:43Z] === ENRICH ITERATION 2 START | repo=ruby/rbs sha=c46454ba ===
[2026-05-11T00:01:43Z] [iter=2] PHASE START: enrich repo=ruby/rbs sha=c46454ba runlog=/home/runner/work/forx/forx/storage/aggregate/lsp/logs/c46454ba-enrich-iter-002.log output=/home/runner/work/forx/forx/storage/aggregate/lsp/c46454bae8fc4ca18ef7cbbb38672ac30ee5d89c.nq.gz
[2026-05-11T00:01:54Z] [iter=2] Step 1: Loading AST into disk-backed store mem_mb=79 MB
[2026-05-11T00:02:17Z] [iter=2] AST store loaded triples=2798799 load_secs=22 mem_mb=840 MB
[2026-05-11T00:02:17Z] [iter=2] Step 2: Finding LSP targets mem_mb=840 MB
[2026-05-11T00:02:32Z] [iter=2] LSP targets found call_sites=45880 imports=81 extends=27 implements=0 secs=15
[2026-05-11T00:02:34Z] [iter=2] Loaded checkpoint partial graph triples=53759
[2026-05-11T00:02:46Z] [iter=2] Step 2.7: Building position index (one-shot, shared across resolvers) mem_mb=840 MB
[2026-05-11T00:03:02Z] [iter=2] Position index built positions=174957 nodes_with_types=220269 secs=16 mem_mb=840 MB
[2026-05-11T00:03:02Z] [iter=2] Step 3: Starting LSP resolution mem_mb=840 MB already_completed_types=[] already_completed_files=26
[2026-05-11T00:03:02Z] [iter=2] Resolving target type target_type=call_site count=45880
[2026-05-11T00:03:03Z] [iter=2] HEARTBEAT target_type=call_site elapsed_min=1.3 files_done=0 resolved=0 errors=0 current=test/rbs/inline_annotation_parsing_test.rb
[2026-05-11T00:11:15Z] [iter=2] HEARTBEAT target_type=call_site elapsed_min=9.5 files_done=1 resolved=1 errors=530 current=lib/rbs/prototype/rb.rb
[2026-05-11T00:16:13Z] [iter=2] HEARTBEAT target_type=call_site elapsed_min=14.5 files_done=2 resolved=83 errors=855 current=templates/template.rb
[2026-05-11T00:17:40Z] [iter=2] HEARTBEAT target_type=call_site elapsed_min=15.9 files_done=3 resolved=125 errors=949 current=lib/rbs/definition_builder.rb
[2026-05-11T00:27:41Z] [iter=2] HEARTBEAT target_type=call_site elapsed_min=26.0 files_done=4 resolved=263 errors=1555 current=test/stdlib/File_test.rb
[2026-05-11T00:34:20Z] [iter=2] HEARTBEAT target_type=call_site elapsed_min=32.6 files_done=6 resolved=827 errors=1936 current=test/rbs/location_test.rb
[2026-05-11T00:35:59Z] [iter=2] HEARTBEAT target_type=call_site elapsed_min=34.3 files_done=7 resolved=833 errors=2044 current=test/rbs/cli_test.rb
[2026-05-11T00:46:23Z] [iter=2] HEARTBEAT target_type=call_site elapsed_min=44.7 files_done=8 resolved=932 errors=2581 current=test/stdlib/FileTest_test.rb
[2026-05-11T00:47:13Z] [iter=2] HEARTBEAT target_type=call_site elapsed_min=45.5 files_done=10 resolved=938 errors=2634 current=test/rbs/rb_prototype_test.rb
[2026-05-11T00:48:49Z] [iter=2] HEARTBEAT target_type=call_site elapsed_min=47.1 files_done=11 resolved=944 errors=2735 current=test/rbs/annotate/rdoc_source_test.rb
[2026-05-11T00:51:07Z] [iter=2] HEARTBEAT target_type=call_site elapsed_min=49.4 files_done=12 resolved=946 errors=2885 current=lib/rdoc_plugin/parser.rb
[2026-05-11T00:52:48Z] [iter=2] HEARTBEAT target_type=call_site elapsed_min=51.1 files_done=13 resolved=979 errors=2995 current=lib/rbs/definition_builder/ancestor_builder.rb
[2026-05-11T00:57:11Z] [iter=2] HEARTBEAT target_type=call_site elapsed_min=55.5 files_done=14 resolved=1092 errors=3281 current=test/stdlib/Encoding_test.rb
[2026-05-11T00:58:07Z] [iter=2] HEARTBEAT target_type=call_site elapsed_min=56.4 files_done=16 resolved=1146 errors=3339 current=test/stdlib/digest/DigestMD5_test.rb
[2026-05-11T01:08:51Z] [iter=2] HEARTBEAT target_type=call_site elapsed_min=67.1 files_done=18 resolved=1156 errors=4027 current=test/stdlib/Symbol_test.rb
[2026-05-11T01:10:38Z] [iter=2] HEARTBEAT target_type=call_site elapsed_min=68.9 files_done=20 resolved=1209 errors=4143 current=test/rbs/errors_test.rb
[2026-05-11T01:11:16Z] [iter=2] HEARTBEAT target_type=call_site elapsed_min=69.6 files_done=21 resolved=1216 errors=4184 current=test/stdlib/enumerator/ArithmeticSequence_test.rb
[2026-05-11T01:15:18Z] [iter=2] HEARTBEAT target_type=call_site elapsed_min=73.6 files_done=23 resolved=1336 errors=4446 current=test/rbs/test/type_check_test.rb
[2026-05-11T01:18:46Z] [iter=2] HEARTBEAT target_type=call_site elapsed_min=77.1 files_done=24 resolved=1379 errors=4668 current=test/rbs/method_builder_test.rb
[2026-05-11T01:21:23Z] [iter=2] HEARTBEAT target_type=call_site elapsed_min=79.7 files_done=25 resolved=1382 errors=4838 current=lib/rbs/resolver/constant_resolver.rb
[2026-05-11T01:22:20Z] [iter=2] HEARTBEAT target_type=call_site elapsed_min=80.6 files_done=26 resolved=1426 errors=4901 current=test/stdlib/Integer_test.rb
[2026-05-11T01:23:41Z] [iter=2] HEARTBEAT target_type=call_site elapsed_min=82.0 files_done=29 resolved=1472 errors=4988 current=lib/rbs/locator.rb
[2026-05-11T01:24:44Z] [iter=2] HEARTBEAT target_type=call_site elapsed_min=83.0 files_done=30 resolved=1515 errors=5056 current=test/rbs/repository_test.rb
[2026-05-11T01:25:27Z] [iter=2] HEARTBEAT target_type=call_site elapsed_min=83.7 files_done=31 resolved=1521 errors=5103 current=test/stdlib/Regexp_test.rb
[2026-05-11T01:32:50Z] [iter=2] HEARTBEAT target_type=call_site elapsed_min=91.1 files_done=33 resolved=1706 errors=5584 current=lib/rbs/resolver/type_name_resolver.rb
[2026-05-11T01:33:58Z] [iter=2] HEARTBEAT target_type=call_site elapsed_min=92.3 files_done=34 resolved=1721 errors=5659 current=lib/rbs/definition.rb
[2026-05-11T01:35:18Z] [iter=2] HEARTBEAT target_type=call_site elapsed_min=93.6 files_done=35 resolved=1810 errors=5745 current=test/stdlib/json/JSON_test.rb
[2026-05-11T01:36:24Z] [iter=2] HEARTBEAT target_type=call_site elapsed_min=94.7 files_done=37 resolved=1843 errors=5816 current=lib/rbs/unit_test/spy.rb
[2026-05-11T01:40:31Z] [iter=2] HEARTBEAT target_type=call_site elapsed_min=98.8 files_done=39 resolved=1914 errors=6086 current=lib/rbs/types.rb
[2026-05-11T01:44:01Z] [iter=2] HEARTBEAT target_type=call_site elapsed_min=102.3 files_done=40 resolved=2210 errors=6309 current=lib/rbs/prototype/helpers.rb
[2026-05-11T01:45:07Z] [iter=2] HEARTBEAT target_type=call_site elapsed_min=103.4 files_done=41 resolved=2223 errors=6380 current=test/stdlib/Proc_test.rb
[2026-05-11T01:47:55Z] [iter=2] HEARTBEAT target_type=call_site elapsed_min=106.2 files_done=43 resolved=2249 errors=6557 current=lib/rbs/environment_loader.rb
[2026-05-11T01:48:34Z] [iter=2] HEARTBEAT target_type=call_site elapsed_min=106.9 files_done=44 resolved=2275 errors=6599 current=test/stdlib/Shellwords_test.rb
[2026-05-11T01:50:30Z] [iter=2] HEARTBEAT target_type=call_site elapsed_min=108.8 files_done=46 resolved=2332 errors=6724 current=lib/rbs/prototype/rbi.rb
[2026-05-11T01:54:07Z] [iter=2] HEARTBEAT target_type=call_site elapsed_min=112.4 files_done=47 resolved=2464 errors=6960 current=test/stdlib/did_you_mean/DidYouMean_test.rb
[2026-05-11T01:54:50Z] [iter=2] HEARTBEAT target_type=call_site elapsed_min=113.1 files_done=49 resolved=2604 errors=7000 current=test/stdlib/Etc_test.rb
[2026-05-11T02:02:04Z] [iter=2] HEARTBEAT target_type=call_site elapsed_min=120.4 files_done=52 resolved=2667 errors=7100 current=test/rbs/rdoc/rbs_parser_test.rb
[2026-05-11T02:04:58Z] [iter=2] HEARTBEAT target_type=call_site elapsed_min=123.3 files_done=53 resolved=2669 errors=7290 current=test/stdlib/rubygems/GemVersion_test.rb
[2026-05-11T02:06:05Z] [iter=2] HEARTBEAT target_type=call_site elapsed_min=124.4 files_done=55 resolved=2691 errors=7363 current=test/rbs/annotate/rdoc_annotator_test.rb
[2026-05-11T02:07:14Z] [iter=2] HEARTBEAT target_type=call_site elapsed_min=125.5 files_done=56 resolved=2696 errors=7438 current=test/stdlib/Exception_test.rb
[2026-05-11T02:09:06Z] [iter=2] HEARTBEAT target_type=call_site elapsed_min=127.4 files_done=59 resolved=2751 errors=7560 current=test/rbs/test/tester_test.rb
[2026-05-11T02:09:38Z] [iter=2] HEARTBEAT target_type=call_site elapsed_min=127.9 files_done=60 resolved=2763 errors=7594 current=test/stdlib/Complex_test.rb
[2026-05-11T02:11:14Z] [iter=2] HEARTBEAT target_type=call_site elapsed_min=129.5 files_done=62 resolved=2829 errors=7699 current=lib/rbs/parser_aux.rb
[2026-05-11T02:11:55Z] [iter=2] HEARTBEAT target_type=call_site elapsed_min=130.2 files_done=63 resolved=2847 errors=7743 current=test/rbs/rbi_prototype_test.rb
[2026-05-11T02:13:03Z] [iter=2] HEARTBEAT target_type=call_site elapsed_min=131.3 files_done=64 resolved=2849 errors=7818 current=lib/rbs/ast/ruby/members.rb
[2026-05-11T02:16:37Z] [iter=2] HEARTBEAT target_type=call_site elapsed_min=134.9 files_done=65 resolved=2901 errors=8051 current=test/stdlib/Date_test.rb
[2026-05-11T02:17:13Z] [iter=2] HEARTBEAT target_type=call_site elapsed_min=135.5 files_done=67 resolved=3080 errors=8087 current=lib/rbs/inline_parser.rb
[2026-05-11T02:19:21Z] [iter=2] HEARTBEAT target_type=call_site elapsed_min=137.6 files_done=68 resolved=3172 errors=8225 current=test/rbs/use_map_test.rb
[2026-05-11T02:20:15Z] [iter=2] HEARTBEAT target_type=call_site elapsed_min=138.5 files_done=69 resolved=3175 errors=8284 current=test/rbs/buffer_test.rb
[2026-05-11T02:21:26Z] [iter=2] HEARTBEAT target_type=call_site elapsed_min=139.7 files_done=70 resolved=3176 errors=8362 current=test/stdlib/Enumerator_test.rb
[2026-05-11T02:22:22Z] [iter=2] HEARTBEAT target_type=call_site elapsed_min=140.6 files_done=73 resolved=3228 errors=8419 current=test/rbs/type_alias_regulartiry_test.rb
[2026-05-11T02:25:06Z] [iter=2] HEARTBEAT target_type=call_site elapsed_min=143.4 files_done=75 resolved=3336 errors=8599 current=test/stdlib/Find_test.rb
[2026-05-11T02:27:51Z] [iter=2] HEARTBEAT target_type=call_site elapsed_min=146.1 files_done=77 resolved=3363 errors=8779 current=test/stdlib/tempfile/Tempfile_test.rb
[2026-05-11T02:28:57Z] [iter=2] HEARTBEAT target_type=call_site elapsed_min=147.2 files_done=79 resolved=3387 errors=8851 current=test/rbs/resolver/type_name_resolver_test.rb
[2026-05-11T02:29:48Z] [iter=2] HEARTBEAT target_type=call_site elapsed_min=148.1 files_done=80 resolved=3390 errors=8906 current=test/stdlib/uri/generic_test.rb
[2026-05-11T02:30:48Z] [iter=2] HEARTBEAT target_type=call_site elapsed_min=149.1 files_done=83 resolved=3445 errors=8970 current=lib/rbs/prototype/node_usage.rb
[2026-05-11T02:32:09Z] [iter=2] HEARTBEAT target_type=call_site elapsed_min=150.4 files_done=85 resolved=3478 errors=9058 current=test/stdlib/ARGF_test.rb
[2026-05-11T02:32:58Z] [iter=2] HEARTBEAT target_type=call_site elapsed_min=151.2 files_done=90 resolved=3713 errors=9108 current=lib/rbs/ast/directives.rb
[2026-05-11T02:33:49Z] [iter=2] HEARTBEAT target_type=call_site elapsed_min=152.1 files_done=96 resolved=3828 errors=9161 current=lib/rbs/type_alias_regularity.rb
[2026-05-11T02:34:20Z] [iter=2] HEARTBEAT target_type=call_site elapsed_min=152.6 files_done=99 resolved=3902 errors=9193 current=test/stdlib/ThreadSizedQueue_test.rb
[2026-05-11T02:35:36Z] [iter=2] HEARTBEAT target_type=call_site elapsed_min=153.9 files_done=104 resolved=3980 errors=9274 current=lib/rbs/collection/config/lockfile_generator.rb
[2026-05-11T02:36:45Z] [iter=2] HEARTBEAT target_type=call_site elapsed_min=155.0 files_done=105 resolved=4029 errors=9349 current=lib/rbs/ast/ruby/annotations.rb
[2026-05-11T02:37:21Z] [iter=2] HEARTBEAT target_type=call_site elapsed_min=155.6 files_done=106 resolved=4068 errors=9388 current=test/rbs/vendorer_test.rb
[2026-05-11T02:38:45Z] [iter=2] HEARTBEAT target_type=call_site elapsed_min=157.0 files_done=108 resolved=4074 errors=9479 current=lib/rbs/annotate/annotations.rb
[2026-05-11T02:39:16Z] [iter=2] HEARTBEAT target_type=call_site elapsed_min=157.6 files_done=109 resolved=4095 errors=9513 current=lib/rbs/builtin_names.rb
[2026-05-11T02:39:47Z] [iter=2] HEARTBEAT target_type=call_site elapsed_min=158.1 files_done=110 resolved=4098 errors=9547 current=test/rbs/ast/ruby/comment_block_test.rb
[2026-05-11T02:41:34Z] [iter=2] HEARTBEAT target_type=call_site elapsed_min=159.8 files_done=111 resolved=4102 errors=9663 current=lib/rbs/cli/colored_io.rb
[2026-05-11T02:42:47Z] [iter=2] HEARTBEAT target_type=call_site elapsed_min=161.1 files_done=113 resolved=4288 errors=9739 current=test/rbs/collection/installer_test.rb
[2026-05-11T02:44:46Z] [iter=2] HEARTBEAT target_type=call_site elapsed_min=163.1 files_done=114 resolved=4303 errors=9869 current=test/rbs/test/setup_helper_test.rb
[2026-05-11T02:45:21Z] [iter=2] HEARTBEAT target_type=call_site elapsed_min=163.6 files_done=117 resolved=4399 errors=9905 current=test/stdlib/RbConfig_test.rb
[2026-05-11T02:47:15Z] [iter=2] HEARTBEAT target_type=call_site elapsed_min=165.5 files_done=119 resolved=4412 errors=10029 current=test/stdlib/FalseClass_test.rb
[2026-05-11T02:47:46Z] [iter=2] HEARTBEAT target_type=call_site elapsed_min=166.1 files_done=122 resolved=4451 errors=10062 current=test/rbs/diff_test.rb
[2026-05-11T02:48:27Z] [iter=2] HEARTBEAT target_type=call_site elapsed_min=166.7 files_done=123 resolved=4455 errors=10106 current=test/stdlib/json/JSONRational_test.rb
[2026-05-11T02:49:06Z] [iter=2] HEARTBEAT target_type=call_site elapsed_min=167.4 files_done=131 resolved=4553 errors=10147 current=test/stdlib/DBM_test.rb
[2026-05-11T02:49:51Z] [iter=2] HEARTBEAT target_type=call_site elapsed_min=168.1 files_done=135 resolved=4580 errors=10194 current=lib/rbs/ancestor_graph.rb
[2026-05-11T02:51:59Z] [iter=2] HEARTBEAT target_type=call_site elapsed_min=170.3 files_done=138 resolved=4625 errors=10333 current=lib/rbs/test/errors.rb
[2026-05-11T02:52:29Z] [iter=2] HEARTBEAT target_type=call_site elapsed_min=170.8 files_done=141 resolved=4670 errors=10364 current=lib/rbs/repository.rb
[2026-05-11T02:53:33Z] [iter=2] HEARTBEAT target_type=call_site elapsed_min=171.8 files_done=143 resolved=4772 errors=10432 current=test/stdlib/MatchData_test.rb
[2026-05-11T02:54:15Z] [iter=2] HEARTBEAT target_type=call_site elapsed_min=172.5 files_done=146 resolved=4796 errors=10476 current=test/stdlib/Dir_test.rb
[2026-05-11T02:55:11Z] [iter=2] HEARTBEAT target_type=call_site elapsed_min=173.5 files_done=149 resolved=4871 errors=10535 current=test/stdlib/GC_test.rb
[2026-05-11T02:55:44Z] [iter=2] HEARTBEAT target_type=call_site elapsed_min=174.0 files_done=155 resolved=5100 errors=10569 current=test/stdlib/SignalException_test.rb
[2026-05-11T02:56:18Z] [iter=2] HEARTBEAT target_type=call_site elapsed_min=174.6 files_done=157 resolved=5114 errors=10605 current=test/stdlib/json/JSONComplex_test.rb
[2026-05-11T02:56:58Z] [iter=2] HEARTBEAT target_type=call_site elapsed_min=175.3 files_done=160 resolved=5147 errors=10648 current=test/rbs/type_alias_dependency_test.rb
[2026-05-11T02:57:45Z] [iter=2] HEARTBEAT target_type=call_site elapsed_min=176.0 files_done=161 resolved=5150 errors=10699 current=lib/rbs/sorter.rb
[2026-05-11T02:59:28Z] [iter=2] HEARTBEAT target_type=call_site elapsed_min=177.8 files_done=162 resolved=5158 errors=10811 current=test/rbs/locator_test.rb
[2026-05-11T03:00:24Z] [iter=2] HEARTBEAT target_type=call_site elapsed_min=178.7 files_done=163 resolved=5161 errors=10872 current=lib/rbs/ast/type_param.rb
[2026-05-11T03:01:52Z] [iter=2] HEARTBEAT target_type=call_site elapsed_min=180.1 files_done=164 resolved=5178 errors=10967 current=lib/rbs/variance_calculator.rb
[2026-05-11T03:02:37Z] [iter=2] HEARTBEAT target_type=call_site elapsed_min=180.9 files_done=165 resolved=5203 errors=11016 current=test/stdlib/Random_test.rb
[2026-05-11T03:03:09Z] [iter=2] HEARTBEAT target_type=call_site elapsed_min=181.4 files_done=170 resolved=5245 errors=11050 current=test/stdlib/ThreadGroup_test.rb
[2026-05-11T03:03:54Z] [iter=2] HEARTBEAT target_type=call_site elapsed_min=182.2 files_done=172 resolved=5264 errors=11098 current=test/stdlib/json/JSONBigDecimal_test.rb
[2026-05-11T03:05:38Z] [iter=2] HEARTBEAT target_type=call_site elapsed_min=183.9 files_done=176 resolved=5291 errors=11210 current=lib/rbs/type_name.rb
[2026-05-11T03:06:24Z] [iter=2] HEARTBEAT target_type=call_site elapsed_min=184.7 files_done=178 resolved=5311 errors=11259 current=test/stdlib/json/JSONSymbol_test.rb
[2026-05-11T03:07:00Z] [iter=2] HEARTBEAT target_type=call_site elapsed_min=185.3 files_done=182 resolved=5367 errors=11298 current=test/stdlib/zlib/GzipReader_test.rb
[2026-05-11T03:07:31Z] [iter=2] HEARTBEAT target_type=call_site elapsed_min=185.8 files_done=186 resolved=5404 errors=11330 current=test/stdlib/socket/TCPSocket_test.rb
[2026-05-11T03:08:40Z] [iter=2] HEARTBEAT target_type=call_site elapsed_min=186.9 files_done=189 resolved=5418 errors=11405 current=lib/rbs/environment/module_entry.rb
[2026-05-11T03:09:31Z] [iter=2] HEARTBEAT target_type=call_site elapsed_min=187.8 files_done=195 resolved=5515 errors=11460 current=lib/rbs/environment_walker.rb
[2026-05-11T03:10:13Z] [iter=2] HEARTBEAT target_type=call_site elapsed_min=188.5 files_done=196 resolved=5547 errors=11506 current=test/test_helper.rb
[2026-05-11T03:11:36Z] [iter=2] HEARTBEAT target_type=call_site elapsed_min=189.9 files_done=197 resolved=5576 errors=11595 current=lib/rbs/test/tester.rb
[2026-05-11T03:12:26Z] [iter=2] HEARTBEAT target_type=call_site elapsed_min=190.7 files_done=198 resolved=5604 errors=11649 current=test/stdlib/RubyVM_test.rb
[2026-05-11T03:13:32Z] [iter=2] HEARTBEAT target_type=call_site elapsed_min=191.8 files_done=205 resolved=5653 errors=11719 current=test/rbs/factory_test.rb
[2026-05-11T03:14:33Z] [iter=2] HEARTBEAT target_type=call_site elapsed_min=192.8 files_done=208 resolved=5668 errors=11785 current=test/stdlib/SystemCallError_test.rb
[2026-05-11T03:16:46Z] [iter=2] HEARTBEAT target_type=call_site elapsed_min=195.0 files_done=213 resolved=5700 errors=11928 current=test/stdlib/Class_test.rb
[2026-05-11T03:17:26Z] [iter=2] HEARTBEAT target_type=call_site elapsed_min=195.7 files_done=217 resolved=5747 errors=11971 current=lib/rbs/method_type.rb
[2026-05-11T03:18:02Z] [iter=2] HEARTBEAT target_type=call_site elapsed_min=196.3 files_done=219 resolved=5785 errors=12010 current=lib/rbs/ast/ruby/declarations.rb
[2026-05-11T03:18:41Z] [iter=2] HEARTBEAT target_type=call_site elapsed_min=197.0 files_done=220 resolved=5836 errors=12052 current=test/stdlib/Binding_test.rb
[2026-05-11T03:19:11Z] [iter=2] HEARTBEAT target_type=call_site elapsed_min=197.5 files_done=230 resolved=5905 errors=12083 current=test/stdlib/Data_test.rb
[2026-05-11T03:19:42Z] [iter=2] HEARTBEAT target_type=call_site elapsed_min=198.0 files_done=237 resolved=5954 errors=12114 current=lib/rbs/type_alias_dependency.rb
[2026-05-11T03:20:17Z] [iter=2] HEARTBEAT target_type=call_site elapsed_min=198.6 files_done=240 resolved=5987 errors=12152 current=lib/rbs/unit_test/with_aliases.rb
[2026-05-11T03:20:55Z] [iter=2] HEARTBEAT target_type=call_site elapsed_min=199.2 files_done=241 resolved=6018 errors=12193 current=test/stdlib/Comparable_test.rb
[2026-05-11T03:22:00Z] [iter=2] HEARTBEAT target_type=call_site elapsed_min=200.3 files_done=245 resolved=6046 errors=12263 current=test/stdlib/uri/mailto_test.rb
[2026-05-11T03:22:41Z] [iter=2] HEARTBEAT target_type=call_site elapsed_min=201.0 files_done=248 resolved=6074 errors=12306 current=test/stdlib/yaml_test.rb
[2026-05-11T03:23:17Z] [iter=2] HEARTBEAT target_type=call_site elapsed_min=201.6 files_done=260 resolved=6133 errors=12343 current=lib/rbs/vendorer.rb
[2026-05-11T03:23:54Z] [iter=2] HEARTBEAT target_type=call_site elapsed_min=202.2 files_done=261 resolved=6148 errors=12383 current=test/rbs/sorter_test.rb
[2026-05-11T03:24:31Z] [iter=2] HEARTBEAT target_type=call_site elapsed_min=202.8 files_done=266 resolved=6178 errors=12423 current=test/stdlib/json/JSONRegexp_test.rb
[2026-05-11T03:25:02Z] [iter=2] HEARTBEAT target_type=call_site elapsed_min=203.3 files_done=272 resolved=6245 errors=12455 current=lib/rbs/namespace.rb
[2026-05-11T03:25:37Z] [iter=2] HEARTBEAT target_type=call_site elapsed_min=203.9 files_done=277 resolved=6288 errors=12492 current=test/stdlib/open-uri_test.rb
[2026-05-11T03:26:11Z] [iter=2] HEARTBEAT target_type=call_site elapsed_min=204.5 files_done=290 resolved=6378 errors=12526 current=test/stdlib/NoMethodError_test.rb
[2026-05-11T03:26:41Z] [iter=2] HEARTBEAT target_type=call_site elapsed_min=205.0 files_done=303 resolved=6431 errors=12558 current=test/stdlib/digest/DigestSHA512_test.rb
[2026-05-11T03:27:11Z] [iter=2] HEARTBEAT target_type=call_site elapsed_min=205.5 files_done=325 resolved=6488 errors=12588 current=lib/rbs/test/observer.rb
[2026-05-11T03:29:21Z] [iter=2] HEARTBEAT target_type=call_site elapsed_min=207.6 files_done=329 resolved=6490 errors=12728 current=src/util/rbs_encoding.c
[2026-05-11T03:32:08Z] [iter=2] HEARTBEAT target_type=call_site elapsed_min=210.4 files_done=330 resolved=6490 errors=12912 current=ext/rbs_extension/main.c
[2026-05-11T03:40:44Z] [iter=2] HEARTBEAT target_type=call_site elapsed_min=219.0 files_done=332 resolved=6490 errors=13483 current=src/ast.c
[2026-05-11T03:42:00Z] [iter=2] HEARTBEAT target_type=call_site elapsed_min=220.3 files_done=335 resolved=6491 errors=13567 current=ext/rbs_extension/legacy_location.c
[2026-05-11T03:42:45Z] [iter=2] HEARTBEAT target_type=call_site elapsed_min=221.0 files_done=336 resolved=6491 errors=13616 current=src/util/rbs_constant_pool.c
[2026-05-11T03:43:16Z] [iter=2] HEARTBEAT target_type=call_site elapsed_min=221.5 files_done=344 resolved=6513 errors=13650 current=include/rbs/parser.h
[2026-05-11T03:43:48Z] [iter=2] HEARTBEAT target_type=call_site elapsed_min=222.1 files_done=345 resolved=6513 errors=13650 current=rust/ruby-rbs-sys/build.rs
[2026-05-11T03:44:22Z] [iter=2] HEARTBEAT target_type=call_site elapsed_min=222.6 files_done=346 resolved=6649 errors=13676 current=rust/ruby-rbs/build.rs
[2026-05-11T03:45:31Z] [iter=2] HEARTBEAT target_type=call_site elapsed_min=223.8 files_done=347 resolved=6870 errors=13751 current=rust/ruby-rbs/src/node/mod.rs
[2026-05-11T03:47:28Z] [iter=2] HEARTBEAT target_type=call_site elapsed_min=225.7 files_done=348 resolved=7011 errors=13879 current=rust/ruby-rbs-sys/src/lib.rs
[2026-05-11T03:48:00Z] [iter=2] Target type resolved target_type=call_site resolved=7038 errors=13914 secs=13498 mem_mb=859 MB
[2026-05-11T03:48:00Z] [iter=2] Resolving target type target_type=import_statement count=81
[2026-05-11T03:48:00Z] [iter=2] HEARTBEAT target_type=import_statement elapsed_min=226.3 files_done=0 resolved=0 errors=0 current=include/rbs/util/rbs_buffer.h
[2026-05-11T03:48:11Z] [iter=2] Target type resolved target_type=import_statement resolved=30 errors=0 secs=11 mem_mb=859 MB
[2026-05-11T03:48:11Z] [iter=2] Resolving target type target_type=extends_clause count=27
[2026-05-11T03:48:16Z] [iter=2] Target type resolved target_type=extends_clause resolved=20 errors=0 secs=5 mem_mb=859 MB
[2026-05-11T03:49:06Z] [iter=2] Step 5: Writing final enrichment file triples=267677
[2026-05-11T03:49:11Z] [iter=2] Enrichment file written path=/home/runner/work/forx/forx/storage/aggregate/lsp/c46454bae8fc4ca18ef7cbbb38672ac30ee5d89c.nq.gz size_kb=5837
[2026-05-11T03:49:11Z] [iter=2] Checkpoint cleared (enrichment complete)
[2026-05-11T03:49:11Z] [iter=2] PHASE END: enrich elapsed_s=13648 elapsed_min=227.5 total_triples=267677
