[2026-04-12T15:01:05Z] === ENRICH ITERATION 2 START | repo=ruby/rbs sha=fcd48c6b ===
[2026-04-12T15:01:05Z] [iter=2] PHASE START: enrich repo=ruby/rbs sha=fcd48c6b runlog=/home/runner/work/forx/forx/storage/aggregate/lsp/logs/fcd48c6b-enrich-iter-002.log output=/home/runner/work/forx/forx/storage/aggregate/lsp/fcd48c6b1f61477be88f7ccb15fa4769087ef608.nq.gz
[2026-04-12T15:01:16Z] [iter=2] Step 1: Loading AST into disk-backed store mem_mb=77 MB
[2026-04-12T15:01:41Z] [iter=2] AST store loaded triples=3037342 load_secs=24 mem_mb=850 MB
[2026-04-12T15:01:41Z] [iter=2] Step 2: Finding LSP targets mem_mb=850 MB
[2026-04-12T15:01:56Z] [iter=2] LSP targets found call_sites=49384 imports=92 extends=27 implements=0 secs=16
[2026-04-12T15:01:58Z] [iter=2] Loaded checkpoint partial graph triples=49985
[2026-04-12T15:02:12Z] [iter=2] Step 2.7: Building position index (one-shot, shared across resolvers) mem_mb=850 MB
[2026-04-12T15:02:30Z] [iter=2] Position index built positions=190919 nodes_with_types=239716 secs=18 mem_mb=850 MB
[2026-04-12T15:02:30Z] [iter=2] Step 3: Starting LSP resolution mem_mb=850 MB already_completed_types=[] already_completed_files=20
[2026-04-12T15:02:30Z] [iter=2] Resolving target type target_type=call_site count=49384
[2026-04-12T15:02:31Z] [iter=2] HEARTBEAT target_type=call_site elapsed_min=1.4 files_done=0 resolved=0 errors=0 current=lib/rbs/definition_builder.rb
[2026-04-12T15:15:29Z] [iter=2] HEARTBEAT target_type=call_site elapsed_min=14.4 files_done=1 resolved=135 errors=609 current=test/stdlib/TracePoint_test.rb
[2026-04-12T15:16:04Z] [iter=2] HEARTBEAT target_type=call_site elapsed_min=15.0 files_done=2 resolved=153 errors=638 current=test/rbs/annotate/rdoc_source_test.rb
[2026-04-12T15:19:02Z] [iter=2] HEARTBEAT target_type=call_site elapsed_min=18.0 files_done=3 resolved=155 errors=788 current=test/rbs/collection/installer_test.rb
[2026-04-12T15:21:36Z] [iter=2] HEARTBEAT target_type=call_site elapsed_min=20.5 files_done=4 resolved=170 errors=918 current=test/stdlib/singleton_test.rb
[2026-04-12T15:28:44Z] [iter=2] HEARTBEAT target_type=call_site elapsed_min=27.6 files_done=6 resolved=189 errors=1002 current=test/stdlib/Module_test.rb
[2026-04-12T15:29:15Z] [iter=2] HEARTBEAT target_type=call_site elapsed_min=28.2 files_done=7 resolved=192 errors=1028 current=test/stdlib/Regexp_test.rb
[2026-04-12T15:34:01Z] [iter=2] HEARTBEAT target_type=call_site elapsed_min=32.9 files_done=10 resolved=282 errors=1263 current=test/stdlib/json/JSONRegexp_test.rb
[2026-04-12T15:34:49Z] [iter=2] HEARTBEAT target_type=call_site elapsed_min=33.7 files_done=12 resolved=370 errors=1299 current=lib/rbs/resolver/constant_resolver.rb
[2026-04-12T15:36:04Z] [iter=2] HEARTBEAT target_type=call_site elapsed_min=35.0 files_done=13 resolved=414 errors=1362 current=test/rbs/environment_test.rb
[2026-04-12T15:44:53Z] [iter=2] HEARTBEAT target_type=call_site elapsed_min=43.8 files_done=14 resolved=420 errors=1802 current=test/rbs/rewriter_test.rb
[2026-04-12T15:47:13Z] [iter=2] HEARTBEAT target_type=call_site elapsed_min=46.1 files_done=15 resolved=421 errors=1920 current=test/stdlib/Net_HTTP_test.rb
[2026-04-12T15:50:31Z] [iter=2] HEARTBEAT target_type=call_site elapsed_min=49.4 files_done=16 resolved=441 errors=2082 current=test/stdlib/zlib/GzipWriter_test.rb
[2026-04-12T15:52:57Z] [iter=2] HEARTBEAT target_type=call_site elapsed_min=51.9 files_done=19 resolved=546 errors=2204 current=lib/rbs/ast/members.rb
[2026-04-12T15:53:33Z] [iter=2] HEARTBEAT target_type=call_site elapsed_min=52.5 files_done=20 resolved=613 errors=2233 current=test/stdlib/Hash_test.rb
[2026-04-12T15:54:51Z] [iter=2] HEARTBEAT target_type=call_site elapsed_min=53.8 files_done=21 resolved=636 errors=2298 current=lib/rbs/types.rb
[2026-04-12T15:59:21Z] [iter=2] HEARTBEAT target_type=call_site elapsed_min=58.3 files_done=22 resolved=932 errors=2521 current=test/rbs/collection/sources/git_test.rb
[2026-04-12T16:00:00Z] [iter=2] HEARTBEAT target_type=call_site elapsed_min=58.9 files_done=23 resolved=940 errors=2553 current=test/stdlib/Rational_test.rb
[2026-04-12T16:00:47Z] [iter=2] HEARTBEAT target_type=call_site elapsed_min=59.7 files_done=24 resolved=951 errors=2593 current=lib/rbs/definition_builder/ancestor_builder.rb
[2026-04-12T16:06:30Z] [iter=2] HEARTBEAT target_type=call_site elapsed_min=65.4 files_done=25 resolved=1064 errors=2879 current=lib/rbs/ast/type_param.rb
[2026-04-12T16:08:23Z] [iter=2] HEARTBEAT target_type=call_site elapsed_min=67.3 files_done=26 resolved=1081 errors=2974 current=test/rbs/parser_test.rb
[2026-04-12T16:23:57Z] [iter=2] HEARTBEAT target_type=call_site elapsed_min=82.9 files_done=27 resolved=1082 errors=3705 current=lib/rbs/prototype/runtime.rb
[2026-04-12T16:29:11Z] [iter=2] HEARTBEAT target_type=call_site elapsed_min=88.1 files_done=28 resolved=1200 errors=3967 current=lib/rbs/builtin_names.rb
[2026-04-12T16:29:51Z] [iter=2] HEARTBEAT target_type=call_site elapsed_min=88.8 files_done=29 resolved=1203 errors=4001 current=test/stdlib/rubygems/Gem_test.rb
[2026-04-12T16:33:42Z] [iter=2] HEARTBEAT target_type=call_site elapsed_min=92.6 files_done=31 resolved=1219 errors=4194 current=test/rbs/collection/cleaner_test.rb
[2026-04-12T16:36:04Z] [iter=2] HEARTBEAT target_type=call_site elapsed_min=95.0 files_done=33 resolved=1259 errors=4313 current=test/rbs/method_builder_test.rb
[2026-04-12T16:39:27Z] [iter=2] HEARTBEAT target_type=call_site elapsed_min=98.4 files_done=34 resolved=1262 errors=4483 current=lib/rbs/test/tester.rb
[2026-04-12T16:40:32Z] [iter=2] HEARTBEAT target_type=call_site elapsed_min=99.5 files_done=35 resolved=1290 errors=4537 current=test/stdlib/RubyVM_test.rb
[2026-04-12T16:45:03Z] [iter=2] HEARTBEAT target_type=call_site elapsed_min=104.0 files_done=37 resolved=1306 errors=4764 current=test/rbs/rbi_prototype_test.rb
[2026-04-12T16:46:32Z] [iter=2] HEARTBEAT target_type=call_site elapsed_min=105.5 files_done=38 resolved=1308 errors=4839 current=test/stdlib/Array_test.rb
[2026-04-12T16:47:05Z] [iter=2] HEARTBEAT target_type=call_site elapsed_min=106.0 files_done=39 resolved=1317 errors=4862 current=test/stdlib/ThreadQueue_test.rb
[2026-04-12T16:55:21Z] [iter=2] HEARTBEAT target_type=call_site elapsed_min=114.3 files_done=41 resolved=1499 errors=5245 current=test/rbs/test/runtime_test_test.rb
[2026-04-12T16:55:55Z] [iter=2] HEARTBEAT target_type=call_site elapsed_min=114.8 files_done=42 resolved=1511 errors=5274 current=test/stdlib/open-uri_test.rb
[2026-04-12T16:56:31Z] [iter=2] HEARTBEAT target_type=call_site elapsed_min=115.4 files_done=46 resolved=1641 errors=5300 current=test/stdlib/Fiber_test.rb
[2026-04-12T16:59:31Z] [iter=2] HEARTBEAT target_type=call_site elapsed_min=118.4 files_done=48 resolved=1759 errors=5451 current=test/stdlib/Date_test.rb
[2026-04-12T17:02:30Z] [iter=2] HEARTBEAT target_type=call_site elapsed_min=121.4 files_done=50 resolved=1863 errors=5599 current=lib/rbs/definition.rb
[2026-04-12T17:04:13Z] [iter=2] HEARTBEAT target_type=call_site elapsed_min=123.1 files_done=51 resolved=1952 errors=5685 current=test/rbs/singleton_type_test.rb
[2026-04-12T17:05:50Z] [iter=2] HEARTBEAT target_type=call_site elapsed_min=124.8 files_done=52 resolved=1954 errors=5767 current=lib/rbs/annotate/formatter.rb
[2026-04-12T17:06:48Z] [iter=2] HEARTBEAT target_type=call_site elapsed_min=125.7 files_done=54 resolved=2045 errors=5815 current=test/stdlib/Dir_test.rb
[2026-04-12T17:08:06Z] [iter=2] HEARTBEAT target_type=call_site elapsed_min=127.0 files_done=56 resolved=2109 errors=5876 current=lib/rbs/prototype/helpers.rb
[2026-04-12T17:09:31Z] [iter=2] HEARTBEAT target_type=call_site elapsed_min=128.4 files_done=57 resolved=2122 errors=5947 current=test/stdlib/enumerator/Product_test.rb
[2026-04-12T17:12:07Z] [iter=2] HEARTBEAT target_type=call_site elapsed_min=131.0 files_done=59 resolved=2132 errors=6078 current=test/stdlib/FileUtils_test.rb
[2026-04-12T17:14:46Z] [iter=2] HEARTBEAT target_type=call_site elapsed_min=133.7 files_done=60 resolved=2196 errors=6208 current=test/stdlib/NameError_test.rb
[2026-04-12T17:15:38Z] [iter=2] HEARTBEAT target_type=call_site elapsed_min=134.5 files_done=64 resolved=2294 errors=6250 current=lib/rbs/prototype/runtime/value_object_generator.rb
[2026-04-12T17:17:12Z] [iter=2] HEARTBEAT target_type=call_site elapsed_min=136.1 files_done=65 resolved=2303 errors=6329 current=lib/rbs/ast/ruby/helpers/location_helper.rb
[2026-04-12T17:18:11Z] [iter=2] HEARTBEAT target_type=call_site elapsed_min=137.1 files_done=67 resolved=2311 errors=6378 current=test/stdlib/ThreadConditionVariable_test.rb
[2026-04-12T17:19:12Z] [iter=2] HEARTBEAT target_type=call_site elapsed_min=138.1 files_done=70 resolved=2331 errors=6429 current=test/stdlib/Math_test.rb
[2026-04-12T17:19:51Z] [iter=2] HEARTBEAT target_type=call_site elapsed_min=138.8 files_done=71 resolved=2333 errors=6462 current=test/stdlib/json/JSON_test.rb
[2026-04-12T17:20:29Z] [iter=2] HEARTBEAT target_type=call_site elapsed_min=139.4 files_done=72 resolved=2355 errors=6493 current=lib/rbs/validator.rb
[2026-04-12T17:22:11Z] [iter=2] HEARTBEAT target_type=call_site elapsed_min=141.1 files_done=73 resolved=2390 errors=6577 current=lib/rbs/cli/validate.rb
[2026-04-12T17:25:43Z] [iter=2] HEARTBEAT target_type=call_site elapsed_min=144.6 files_done=74 resolved=2397 errors=6755 current=bin/benchmark-parse-each.rb
[2026-04-12T17:26:28Z] [iter=2] HEARTBEAT target_type=call_site elapsed_min=145.4 files_done=76 resolved=2539 errors=6788 current=test/stdlib/resolv/DNS_test.rb
[2026-04-12T17:27:54Z] [iter=2] HEARTBEAT target_type=call_site elapsed_min=146.8 files_done=79 resolved=2631 errors=6858 current=test/stdlib/resolv/Hosts_test.rb
[2026-04-12T17:28:56Z] [iter=2] HEARTBEAT target_type=call_site elapsed_min=147.8 files_done=81 resolved=2662 errors=6909 current=templates/template.rb
[2026-04-12T17:30:49Z] [iter=2] HEARTBEAT target_type=call_site elapsed_min=149.7 files_done=82 resolved=2707 errors=7004 current=lib/rbs/prototype/rbi.rb
[2026-04-12T17:35:31Z] [iter=2] HEARTBEAT target_type=call_site elapsed_min=154.4 files_done=83 resolved=2839 errors=7240 current=test/stdlib/GC_test.rb
[2026-04-12T17:38:23Z] [iter=2] HEARTBEAT target_type=call_site elapsed_min=157.3 files_done=86 resolved=2896 errors=7385 current=lib/rbs/test.rb
[2026-04-12T17:39:39Z] [iter=2] HEARTBEAT target_type=call_site elapsed_min=158.6 files_done=89 resolved=2960 errors=7448 current=test/rbs/types_test.rb
[2026-04-12T17:44:28Z] [iter=2] HEARTBEAT target_type=call_site elapsed_min=163.4 files_done=92 resolved=3022 errors=7691 current=test/test_helper.rb
[2026-04-12T17:46:14Z] [iter=2] HEARTBEAT target_type=call_site elapsed_min=165.2 files_done=93 resolved=3051 errors=7780 current=test/rbs/type_alias_dependency_test.rb
[2026-04-12T17:47:15Z] [iter=2] HEARTBEAT target_type=call_site elapsed_min=166.2 files_done=94 resolved=3054 errors=7831 current=lib/rdoc_plugin/parser.rb
[2026-04-12T17:49:26Z] [iter=2] HEARTBEAT target_type=call_site elapsed_min=168.3 files_done=95 resolved=3087 errors=7941 current=test/rbs/method_type_parsing_test.rb
[2026-04-12T17:51:02Z] [iter=2] HEARTBEAT target_type=call_site elapsed_min=170.0 files_done=96 resolved=3088 errors=8022 current=test/rbs/ast/ruby/comment_block_test.rb
[2026-04-12T17:53:20Z] [iter=2] HEARTBEAT target_type=call_site elapsed_min=172.3 files_done=97 resolved=3092 errors=8138 current=test/rbs/collection/config_test.rb
[2026-04-12T17:55:42Z] [iter=2] HEARTBEAT target_type=call_site elapsed_min=174.6 files_done=98 resolved=3129 errors=8257 current=lib/rbs/collection/sources/git.rb
[2026-04-12T17:56:37Z] [iter=2] HEARTBEAT target_type=call_site elapsed_min=175.5 files_done=99 resolved=3211 errors=8303 current=bin/run_in_md.rb
[2026-04-12T17:57:36Z] [iter=2] HEARTBEAT target_type=call_site elapsed_min=176.5 files_done=101 resolved=3234 errors=8352 current=test/stdlib/ARGF_test.rb
[2026-04-12T17:58:45Z] [iter=2] HEARTBEAT target_type=call_site elapsed_min=177.7 files_done=103 resolved=3407 errors=8409 current=test/rbs/resolver/type_name_resolver_test.rb
[2026-04-12T17:59:51Z] [iter=2] HEARTBEAT target_type=call_site elapsed_min=178.8 files_done=104 resolved=3410 errors=8464 current=lib/rbs/buffer.rb
[2026-04-12T18:01:40Z] [iter=2] HEARTBEAT target_type=call_site elapsed_min=180.6 files_done=107 resolved=3505 errors=8555 current=test/stdlib/Forwardable_test.rb
[2026-04-12T18:02:22Z] [iter=2] HEARTBEAT target_type=call_site elapsed_min=181.3 files_done=109 resolved=3532 errors=8590 current=Rakefile
[2026-04-12T18:04:22Z] [iter=2] HEARTBEAT target_type=call_site elapsed_min=183.3 files_done=110 resolved=3810 errors=8682 current=test/typecheck/range_step/test.rb
[2026-04-12T18:05:02Z] [iter=2] HEARTBEAT target_type=call_site elapsed_min=184.0 files_done=112 resolved=3840 errors=8715 current=test/stdlib/json/JSONException_test.rb
[2026-04-12T18:06:26Z] [iter=2] HEARTBEAT target_type=call_site elapsed_min=185.4 files_done=115 resolved=3871 errors=8785 current=lib/rbs/rewriter.rb
[2026-04-12T18:07:05Z] [iter=2] HEARTBEAT target_type=call_site elapsed_min=186.0 files_done=116 resolved=3877 errors=8818 current=test/rbs/environment_loader_test.rb
[2026-04-12T18:10:00Z] [iter=2] HEARTBEAT target_type=call_site elapsed_min=188.9 files_done=117 resolved=3887 errors=8965 current=test/typecheck/random/test.rb
[2026-04-12T18:11:17Z] [iter=2] HEARTBEAT target_type=call_site elapsed_min=190.2 files_done=120 resolved=3925 errors=9029 current=lib/rbs/parser_aux.rb
[2026-04-12T18:12:10Z] [iter=2] HEARTBEAT target_type=call_site elapsed_min=191.1 files_done=121 resolved=3943 errors=9073 current=test/stdlib/Thread_test.rb
[2026-04-12T18:12:55Z] [iter=2] HEARTBEAT target_type=call_site elapsed_min=191.8 files_done=126 resolved=4100 errors=9109 current=lib/rbs/location_aux.rb
[2026-04-12T18:13:57Z] [iter=2] HEARTBEAT target_type=call_site elapsed_min=192.9 files_done=129 resolved=4302 errors=9160 current=lib/rbs/variance_calculator.rb
[2026-04-12T18:14:55Z] [iter=2] HEARTBEAT target_type=call_site elapsed_min=193.8 files_done=130 resolved=4327 errors=9209 current=test/rbs/location_test.rb
[2026-04-12T18:17:04Z] [iter=2] HEARTBEAT target_type=call_site elapsed_min=196.0 files_done=131 resolved=4333 errors=9317 current=lib/rbs/source.rb
[2026-04-12T18:19:33Z] [iter=2] HEARTBEAT target_type=call_site elapsed_min=198.5 files_done=133 resolved=4356 errors=9443 current=test/stdlib/ObjectSpace_test.rb
[2026-04-12T18:24:27Z] [iter=2] HEARTBEAT target_type=call_site elapsed_min=203.4 files_done=135 resolved=4435 errors=9691 current=lib/rbs/namespace.rb
[2026-04-12T18:27:18Z] [iter=2] HEARTBEAT target_type=call_site elapsed_min=206.2 files_done=137 resolved=4493 errors=9834 current=lib/rbs.rb
[2026-04-12T18:27:56Z] [iter=2] HEARTBEAT target_type=call_site elapsed_min=206.9 files_done=141 resolved=4610 errors=9866 current=lib/rbs/environment.rb
[2026-04-12T18:37:30Z] [iter=2] HEARTBEAT target_type=call_site elapsed_min=216.4 files_done=142 resolved=4779 errors=10349 current=test/stdlib/Binding_test.rb
[2026-04-12T18:40:30Z] [iter=2] HEARTBEAT target_type=call_site elapsed_min=219.4 files_done=144 resolved=4886 errors=10501 current=test/stdlib/io/Buffer_test.rb
[2026-04-12T18:41:56Z] [iter=2] HEARTBEAT target_type=call_site elapsed_min=220.9 files_done=146 resolved=4920 errors=10573 current=test/stdlib/Random_test.rb
[2026-04-12T18:42:36Z] [iter=2] HEARTBEAT target_type=call_site elapsed_min=221.5 files_done=151 resolved=4950 errors=10606 current=test/stdlib/ERB_test.rb
[2026-04-12T18:43:11Z] [iter=2] HEARTBEAT target_type=call_site elapsed_min=222.1 files_done=152 resolved=4977 errors=10634 current=lib/rbs/collection/config/lockfile.rb
[2026-04-12T18:45:50Z] [iter=2] HEARTBEAT target_type=call_site elapsed_min=224.8 files_done=154 resolved=5049 errors=10765 current=test/stdlib/MatchData_test.rb
[2026-04-12T18:46:37Z] [iter=2] HEARTBEAT target_type=call_site elapsed_min=225.5 files_done=156 resolved=5053 errors=10804 current=test/stdlib/rubygems/GemVersion_test.rb
[2026-04-12T18:47:19Z] [iter=2] HEARTBEAT target_type=call_site elapsed_min=226.2 files_done=158 resolved=5074 errors=10839 current=test/stdlib/NilClass_test.rb
[2026-04-12T18:47:51Z] [iter=2] HEARTBEAT target_type=call_site elapsed_min=226.8 files_done=163 resolved=5124 errors=10865 current=test/rbs/annotate/rdoc_annotator_test.rb
[2026-04-12T18:49:16Z] [iter=2] HEARTBEAT target_type=call_site elapsed_min=228.2 files_done=164 resolved=5128 errors=10937 current=test/stdlib/uri/https_test.rb
[2026-04-12T18:50:47Z] [iter=2] HEARTBEAT target_type=call_site elapsed_min=229.7 files_done=167 resolved=5159 errors=11013 current=test/stdlib/Enumerator_test.rb
[2026-04-12T18:52:03Z] [iter=2] HEARTBEAT target_type=call_site elapsed_min=231.0 files_done=170 resolved=5189 errors=11077 current=test/stdlib/global_variables_test.rb
[2026-04-12T18:53:42Z] [iter=2] HEARTBEAT target_type=call_site elapsed_min=232.6 files_done=171 resolved=5200 errors=11160 current=test/rbs/buffer_test.rb
[2026-04-12T18:55:14Z] [iter=2] HEARTBEAT target_type=call_site elapsed_min=234.2 files_done=172 resolved=5201 errors=11238 current=test/test_skip.rb
[2026-04-12T18:55:53Z] [iter=2] HEARTBEAT target_type=call_site elapsed_min=234.8 files_done=174 resolved=5209 errors=11270 current=test/stdlib/StringIO_test.rb
[2026-04-12T18:58:23Z] [iter=2] HEARTBEAT target_type=call_site elapsed_min=237.3 files_done=178 resolved=5243 errors=11393 current=test/stdlib/json/JSONRational_test.rb
[2026-04-12T18:59:06Z] [iter=2] HEARTBEAT target_type=call_site elapsed_min=238.0 files_done=181 resolved=5313 errors=11428 current=test/stdlib/Numeric_test.rb
[2026-04-12T18:59:56Z] [iter=2] HEARTBEAT target_type=call_site elapsed_min=238.8 files_done=184 resolved=5384 errors=11469 current=test/stdlib/Random_Formatter_test.rb
[2026-04-12T19:00:27Z] [iter=2] HEARTBEAT target_type=call_site elapsed_min=239.4 files_done=187 resolved=5418 errors=11495 current=test/stdlib/did_you_mean/DidYouMean_test.rb
[2026-04-12T19:01:11Z] [iter=2] CHECKPOINT TRIGGERED elapsed_min=240.1 files_completed=208 new_files_this_iter=188 mem_mb=892 MB
[2026-04-12T19:01:11Z] [iter=2] Writing partial enrichment graph path=/home/runner/work/forx/forx/storage/aggregate/lsp/fcd48c6b1f61477be88f7ccb15fa4769087ef608.nq.gz triples=174501
[2026-04-12T19:01:14Z] [iter=2] Checkpoint written, exiting with code 7
[2026-04-12T19:01:14Z] [iter=2] PHASE END: enrich (checkpointed) elapsed_s=14406 elapsed_min=240.1 files_completed=208
